Deploying All Contracts with account: 0xf39Fd6e51aad88F6F4ce6aB8827279cffFb92266
Account balance: 10000.0
Deploying DidRegistry contract...
DidRegistry deployed to: 0x5FbDB2315678afecb367f032d93F642f64180aa3
Deploying DidVerifier contract...
DidVerifier deployed to: 0xe7f1725E7734CE288F8367e1Bb143E90bb3F0512
Deploying DidIssuer contract...
DidIssuer deployed to: 0x9fE46736679d2D9a65F0992F2272dE9f3c7fa6e0
Deploying DidAuth contract...
DidAuth deployed to: 0xCf7Ed3AccA5a467e9e704C703E8D87F634fB0Fc9
Deploying DocuVault contract...
DocuVault deployed to: 0xDc64a140Aa3E981100a9becA4E685f962f0cF6C9
Deploying Verifier contract with factory contract...
VerifierFactory deployed to: 0x5FC8d32690cc91D4c39d9d3abcBD16989F875707
AgeVerifier deployed to: 0x61c36a8d610163660E21a8b7359e1Cac0C9133e1
FhirVerifier deployed to: 0x23dB4a08f2272df049a4932a4Cc3A6Dc1002B33E
HashVerifier deployed to: 0x8EFa1819Ff5B279077368d44B593a4543280e402
webEnv: /home/baloz/uV/MM/Docu/apps/web/.env.local
contractEnv: /home/baloz/uV/MM/Docu/apps/contract/.env
apiEnv: /home/baloz/uV/MM/Docu/apps/api/.env
graphEnv: /home/baloz/uV/MM/Docu/apps/graph/.env

Contract addresses have been saved to .env file:
DID_REGISTRY_CONTRACT_ADDRESS=0x5FbDB2315678afecb367f032d93F642f64180aa3
DID_VERIFIER_CONTRACT_ADDRESS=0xe7f1725E7734CE288F8367e1Bb143E90bb3F0512
DID_ISSUER_CONTRACT_ADDRESS=0x9fE46736679d2D9a65F0992F2272dE9f3c7fa6e0
DID_AUTH_CONTRACT_ADDRESS=0xCf7Ed3AccA5a467e9e704C703E8D87F634fB0Fc9
DOCU_VAULT_CONTRACT_ADDRESS=0xDc64a140Aa3E981100a9becA4E685f962f0cF6C9
VERIFIER_FACTORY_CONTRACT_ADDRESS=0x5FC8d32690cc91D4c39d9d3abcBD16989F875707
AGE_VERIFIER_CONTRACT_ADDRESS=0x61c36a8d610163660E21a8b7359e1Cac0C9133e1
FHIR_VERIFIER_CONTRACT_ADDRESS=0x23dB4a08f2272df049a4932a4Cc3A6Dc1002B33E
HASH_VERIFIER_CONTRACT_ADDRESS=0x8EFa1819Ff5B279077368d44B593a4543280e402
{
  "DID_REGISTRY_CONTRACT_ADDRESS": "0x5FbDB2315678afecb367f032d93F642f64180aa3",
  "DID_VERIFIER_CONTRACT_ADDRESS": "0xe7f1725E7734CE288F8367e1Bb143E90bb3F0512",
  "DID_ISSUER_CONTRACT_ADDRESS": "0x9fE46736679d2D9a65F0992F2272dE9f3c7fa6e0",
  "DID_AUTH_CONTRACT_ADDRESS": "0xCf7Ed3AccA5a467e9e704C703E8D87F634fB0Fc9",
  "DOCU_VAULT_CONTRACT_ADDRESS": "0xDc64a140Aa3E981100a9becA4E685f962f0cF6C9",
  "VERIFIER_FACTORY_CONTRACT_ADDRESS": "0x5FC8d32690cc91D4c39d9d3abcBD16989F875707",
  "AGE_VERIFIER_CONTRACT_ADDRESS": "0x61c36a8d610163660E21a8b7359e1Cac0C9133e1",
  "FHIR_VERIFIER_CONTRACT_ADDRESS": "0x23dB4a08f2272df049a4932a4Cc3A6Dc1002B33E",
  "HASH_VERIFIER_CONTRACT_ADDRESS": "0x8EFa1819Ff5B279077368d44B593a4543280e402"
}
DID_REGISTRY_CONTRACT_ADDRESS=0x5FbDB2315678afecb367f032d93F642f64180aa3
DID_VERIFIER_CONTRACT_ADDRESS=0xe7f1725E7734CE288F8367e1Bb143E90bb3F0512
DID_ISSUER_CONTRACT_ADDRESS=0x9fE46736679d2D9a65F0992F2272dE9f3c7fa6e0
DID_AUTH_CONTRACT_ADDRESS=0xCf7Ed3AccA5a467e9e704C703E8D87F634fB0Fc9
DOCU_VAULT_CONTRACT_ADDRESS=0xDc64a140Aa3E981100a9becA4E685f962f0cF6C9
VERIFIER_FACTORY_CONTRACT_ADDRESS=0x5FC8d32690cc91D4c39d9d3abcBD16989F875707
AGE_VERIFIER_CONTRACT_ADDRESS=0x61c36a8d610163660E21a8b7359e1Cac0C9133e1
FHIR_VERIFIER_CONTRACT_ADDRESS=0x23dB4a08f2272df049a4932a4Cc3A6Dc1002B33E
HASH_VERIFIER_CONTRACT_ADDRESS=0x8EFa1819Ff5B279077368d44B593a4543280e402
